<?xml version="1.0" encoding="utf-8"?><testsuites name="pytest tests"><testsuite name="pytest" errors="0" failures="1" skipped="0" tests="11" time="15.862" timestamp="2026-08-31T13:39:39.575173+00:00" hostname="agent-env-6f3d454a-1e11-4d9d-9c9f-8731306faa1a"><testcase classname="backend.tests.test_import_categorize.TestCoreEndpoints" name="test_auth_me" time="0.564" /><testcase classname="backend.tests.test_import_categorize.TestCoreEndpoints" name="test_income_list" time="0.337" /><testcase classname="backend.tests.test_import_categorize.TestCoreEndpoints" name="test_expenses_list" time="0.075" /><testcase classname="backend.tests.test_import_categorize.TestCoreEndpoints" name="test_bas_summary" time="0.068"><failure message="assert 404 == 200&#10; +  where 404 = &lt;Response [404]&gt;.status_code">backend/tests/test_import_categorize.py:37: in test_bas_summary
    assert r.status_code == 200
E   assert 404 == 200
E    +  where 404 = &lt;Response [404]&gt;.status_code</failure></testcase><testcase classname="backend.tests.test_import_categorize.TestAICategorize" name="test_categorize_returns_200" time="4.086" /><testcase classname="backend.tests.test_import_categorize.TestAICategorize" name="test_categorize_response_structure" time="4.713" /><testcase classname="backend.tests.test_import_categorize.TestAICategorize" name="test_categorize_fields_present" time="2.006" /><testcase classname="backend.tests.test_import_categorize.TestAICategorize" name="test_categorize_empty_transactions" time="0.141" /><testcase classname="backend.tests.test_import_categorize.TestAICategorize" name="test_categorize_requires_auth" time="0.076" /><testcase classname="backend.tests.test_import_categorize.TestAICategorize" name="test_categorize_multiple_transactions" time="2.708" /><testcase classname="backend.tests.test_import_categorize.TestCSVUpload" name="test_csv_upload_expenses" time="0.874" /></testsuite></testsuites>