<?xml version="1.0" encoding="utf-8"?><testsuites name="pytest tests"><testsuite name="pytest" errors="0" failures="0" skipped="0" tests="8" time="7.554" timestamp="2026-09-02T14:52:47.201227+00:00" hostname="agent-env-6f3d454a-1e11-4d9d-9c9f-8731306faa1a"><testcase classname="backend.tests.test_pdf_csv_features.TestCSVUpload" name="test_csv_upload_basic" time="0.350" /><testcase classname="backend.tests.test_pdf_csv_features.TestCSVUpload" name="test_csv_upload_has_required_fields" time="0.073" /><testcase classname="backend.tests.test_pdf_csv_features.TestPDFUploadEndpoint" name="test_pdf_upload_requires_file" time="0.087" /><testcase classname="backend.tests.test_pdf_csv_features.TestPDFUploadEndpoint" name="test_pdf_upload_invalid_file_rejected" time="0.120" /><testcase classname="backend.tests.test_pdf_csv_features.TestPDFUploadEndpoint" name="test_pdf_endpoint_returns_expected_structure" time="3.665" /><testcase classname="backend.tests.test_pdf_csv_features.TestImportExpenses" name="test_import_with_cleaned_desc" time="0.088" /><testcase classname="backend.tests.test_pdf_csv_features.TestImportExpenses" name="test_import_without_cleaned_desc" time="0.067" /><testcase classname="backend.tests.test_pdf_csv_features.TestAICategorize" name="test_ai_categorize_returns_categories" time="3.030" /></testsuite></testsuites>