<?xml version="1.0" encoding="utf-8"?><testsuites name="pytest tests"><testsuite name="pytest" errors="0" failures="1" skipped="0" tests="6" time="1.569" timestamp="2026-06-07T18:25:04.090537+00:00" hostname="agent-env-6f3d454a-1e11-4d9d-9c9f-8731306faa1a"><testcase classname="backend.tests.test_csv_upload.TestAuth" name="test_auth_me" time="0.534" /><testcase classname="backend.tests.test_csv_upload.TestCSVUpload" name="test_csv_upload_expenses" time="0.434" /><testcase classname="backend.tests.test_csv_upload.TestCSVUpload" name="test_csv_upload_income" time="0.118"><failure message="AssertionError: Upload failed: {&quot;detail&quot;:&quot;Not Found&quot;}&#10;assert 404 == 200&#10; +  where 404 = &lt;Response [404]&gt;.status_code">backend/tests/test_csv_upload.py:63: in test_csv_upload_income
    assert r.status_code == 200, f"Upload failed: {r.text}"
E   AssertionError: Upload failed: {"detail":"Not Found"}
E   assert 404 == 200
E    +  where 404 = &lt;Response [404]&gt;.status_code</failure></testcase><testcase classname="backend.tests.test_csv_upload.TestExportEndpoints" name="test_expenses_export_csv" time="0.116" /><testcase classname="backend.tests.test_csv_upload.TestExportEndpoints" name="test_income_export_csv" time="0.128" /><testcase classname="backend.tests.test_csv_upload.TestBAS" name="test_bas_data" time="0.135" /></testsuite></testsuites>