<?xml version="1.0" encoding="utf-8"?><testsuites name="pytest tests"><testsuite name="pytest" errors="0" failures="0" skipped="0" tests="7" time="3.046" timestamp="2026-09-02T15:30:32.232521+00:00" hostname="agent-env-6f3d454a-1e11-4d9d-9c9f-8731306faa1a"><testcase classname="backend.tests.test_properties.TestPropertiesAPI" name="test_list_properties_premium" time="0.327" /><testcase classname="backend.tests.test_properties.TestPropertiesAPI" name="test_properties_summary" time="0.345" /><testcase classname="backend.tests.test_properties.TestPropertiesAPI" name="test_create_property" time="0.197" /><testcase classname="backend.tests.test_properties.TestPropertiesAPI" name="test_add_transaction" time="0.167" /><testcase classname="backend.tests.test_properties.TestPropertiesAPI" name="test_non_premium_returns_403" time="1.696" /><testcase classname="backend.tests.test_properties.TestPropertiesAPI" name="test_get_transactions" time="0.095" /><testcase classname="backend.tests.test_properties.TestPropertiesAPI" name="test_delete_transaction" time="0.150" /></testsuite></testsuites>