<?xml version="1.0" encoding="utf-8"?><testsuites name="pytest tests"><testsuite name="pytest" errors="0" failures="0" skipped="0" tests="13" time="2.648" timestamp="2026-06-07T16:43:22.459404+00:00" hostname="agent-env-6f3d454a-1e11-4d9d-9c9f-8731306faa1a"><testcase classname="backend.tests.test_taxtrack.TestAuth" name="test_auth_me" time="0.151" /><testcase classname="backend.tests.test_taxtrack.TestAuth" name="test_auth_me_no_token" time="0.182" /><testcase classname="backend.tests.test_taxtrack.TestIncome" name="test_get_income_list" time="0.080" /><testcase classname="backend.tests.test_taxtrack.TestIncome" name="test_create_income" time="0.082" /><testcase classname="backend.tests.test_taxtrack.TestIncome" name="test_update_income" time="0.087" /><testcase classname="backend.tests.test_taxtrack.TestIncome" name="test_delete_income" time="0.099" /><testcase classname="backend.tests.test_taxtrack.TestExpenses" name="test_get_expenses_list" time="0.106" /><testcase classname="backend.tests.test_taxtrack.TestExpenses" name="test_create_expense" time="0.082" /><testcase classname="backend.tests.test_taxtrack.TestExpenses" name="test_update_expense" time="0.102" /><testcase classname="backend.tests.test_taxtrack.TestExpenses" name="test_delete_expense" time="0.075" /><testcase classname="backend.tests.test_taxtrack.TestBAS" name="test_get_bas" time="0.082" /><testcase classname="backend.tests.test_taxtrack.TestDashboard" name="test_get_summary" time="1.342" /><testcase classname="backend.tests.test_taxtrack.TestProperties" name="test_get_properties_free_user" time="0.107" /></testsuite></testsuites>